<?xml version="1.0" encoding="UTF-8"?>
<testsuite xmlns:xsi="http://www.w3.org/2001/XMLSchema-instance" xsi:noNamespaceSchemaLocation="https://maven.apache.org/surefire/maven-surefire-plugin/xsd/surefire-test-report-3.0.xsd" version="3.0" name="Backend.Project.TaxiCompany.TaxiCompanyApplicationTests" time="4.904" tests="1" errors="0" skipped="0" failures="0">
  <properties>
[...]
</properties>
  <testcase name="contextLoads" classname="Backend.Project.TaxiCompany.TaxiCompanyApplicationTests" time="0.162">
    <system-out><![CDATA[15:02:44.328 [main] DEBUG org.springframework.test.context.junit4.SpringJUnit4ClassRunner - SpringJUnit4ClassRunner constructor called with [class Backend.Project.TaxiCompany.Controller.InvoiceControllerTests]
15:02:44.337 [main] DEBUG org.springframework.test.context.BootstrapUtils - Instantiating CacheAwareContextLoaderDelegate from class [org.springframework.test.context.cache.DefaultCacheAwareContextLoaderDelegate]
15:02:44.347 [main] DEBUG org.springframework.test.context.BootstrapUtils - Instantiating BootstrapContext using constructor [public org.springframework.test.context.support.DefaultBootstrapContext(java.lang.Class,org.springframework.test.context.CacheAwareContextLoaderDelegate)]
15:02:44.404 [main] DEBUG org.springframework.test.context.BootstrapUtils - Instantiating TestContextBootstrapper for test class [Backend.Project.TaxiCompany.Controller.InvoiceControllerTests] from class [org.springframework.boot.test.autoconfigure.web.servlet.WebMvcTestContextBootstrapper]
15:02:44.437 [main] DEBUG org.springframework.test.context.support.AbstractContextLoader - Did not detect default resource location for test class [Backend.Project.TaxiCompany.Controller.InvoiceControllerTests]: class path resource [Backend/Project/TaxiCompany/Controller/InvoiceControllerTests-context.xml] does not exist
15:02:44.437 [main] DEBUG org.springframework.test.context.support.AbstractContextLoader - Did not detect default resource location for test class [Backend.Project.TaxiCompany.Controller.InvoiceControllerTests]: class path resource [Backend/Project/TaxiCompany/Controller/InvoiceControllerTestsContext.groovy] does not exist
15:02:44.438 [main] INFO org.springframework.test.context.support.AbstractContextLoader - Could not detect default resource locations for test class [Backend.Project.TaxiCompany.Controller.InvoiceControllerTests]: no resource found for suffixes {-context.xml, Context.groovy}.
15:02:44.531 [main] DEBUG org.springframework.test.context.support.ActiveProfilesUtils - Could not find an 'annotation declaring class' for annotation type [org.springframework.test.context.ActiveProfiles] and class [Backend.Project.TaxiCompany.Controller.InvoiceControllerTests]
15:02:44.554 [main] DEBUG org.springframework.boot.test.autoconfigure.web.servlet.WebMvcTestContextBootstrapper - @TestExecutionListeners is not present for class [Backend.Project.TaxiCompany.Controller.InvoiceControllerTests]: using defaults.
15:02:44.555 [main] INFO org.springframework.boot.test.autoconfigure.web.servlet.WebMvcTestContextBootstrapper - Loaded default TestExecutionListener class names from location [META-INF/spring.factories]: [org.springframework.boot.test.mock.mockito.MockitoTestExecutionListener, org.springframework.boot.test.mock.mockito.ResetMocksTestExecutionListener, org.springframework.boot.test.autoconfigure.restdocs.RestDocsTestExecutionListener, org.springframework.boot.test.autoconfigure.web.client.MockRestServiceServerResetTestExecutionListener, org.springframework.boot.test.autoconfigure.web.servlet.MockMvcPrintOnlyOnFailureTestExecutionListener, org.springframework.boot.test.autoconfigure.web.servlet.WebDriverTestExecutionListener, org.springframework.boot.test.autoconfigure.webservices.client.MockWebServiceServerTestExecutionListener, org.springframework.test.context.web.ServletTestExecutionListener, org.springframework.test.context.support.DirtiesContextBeforeModesTestExecutionListener, org.springframework.test.context.event.ApplicationEventsTestExecutionListener, org.springframework.test.context.support.DependencyInjectionTestExecutionListener, org.springframework.test.context.support.DirtiesContextTestExecutionListener, org.springframework.test.context.transaction.TransactionalTestExecutionListener, org.springframework.test.context.jdbc.SqlScriptsTestExecutionListener, org.springframework.test.context.event.EventPublishingTestExecutionListener]
15:02:44.579 [main] INFO org.springframework.boot.test.autoconfigure.web.servlet.WebMvcTestContextBootstrapper - Using TestExecutionListeners: [org.springframework.test.context.web.ServletTestExecutionListener@5b1ebf56, org.springframework.test.context.support.DirtiesContextBeforeModesTestExecutionListener@294a6b8e, org.springframework.test.context.event.ApplicationEventsTestExecutionListener@4b1d6571, org.springframework.boot.test.mock.mockito.MockitoTestExecutionListener@1b835480, org.springframework.boot.test.autoconfigure.SpringBootDependencyInjectionTestExecutionListener@3549bca9, org.springframework.test.context.support.DirtiesContextTestExecutionListener@4f25b795, org.springframework.test.context.transaction.TransactionalTestExecutionListener@6fb365ed, org.springframework.test.context.jdbc.SqlScriptsTestExecutionListener@6e950bcf, org.springframework.test.context.event.EventPublishingTestExecutionListener@16414e40, org.springframework.boot.test.mock.mockito.ResetMocksTestExecutionListener@74bada02, org.springframework.boot.test.autoconfigure.restdocs.RestDocsTestExecutionListener@525575, org.springframework.boot.test.autoconfigure.web.client.MockRestServiceServerResetTestExecutionListener@46dffdc3, org.springframework.boot.test.autoconfigure.web.servlet.MockMvcPrintOnlyOnFailureTestExecutionListener@5a709816, org.springframework.boot.test.autoconfigure.web.servlet.WebDriverTestExecutionListener@78383390, org.springframework.boot.test.autoconfigure.webservices.client.MockWebServiceServerTestExecutionListener@6ad3381f]
15:02:44.581 [main] DEBUG org.springframework.test.annotation.ProfileValueUtils - Retrieved @ProfileValueSourceConfiguration [null] for test class [Backend.Project.TaxiCompany.Controller.InvoiceControllerTests]
15:02:44.581 [main] DEBUG org.springframework.test.annotation.ProfileValueUtils - Retrieved ProfileValueSource type [class org.springframework.test.annotation.SystemProfileValueSource] for class [Backend.Project.TaxiCompany.Controller.InvoiceControllerTests]
15:02:44.583 [main] DEBUG org.springframework.test.annotation.ProfileValueUtils - Retrieved @ProfileValueSourceConfiguration [null] for test class [Backend.Project.TaxiCompany.Controller.InvoiceControllerTests]
15:02:44.583 [main] DEBUG org.springframework.test.annotation.ProfileValueUtils - Retrieved ProfileValueSource type [class org.springframework.test.annotation.SystemProfileValueSource] for class [Backend.Project.TaxiCompany.Controller.InvoiceControllerTests]
15:02:44.588 [main] DEBUG org.springframework.test.annotation.ProfileValueUtils - Retrieved @ProfileValueSourceConfiguration [null] for test class [Backend.Project.TaxiCompany.Controller.InvoiceControllerTests]
15:02:44.588 [main] DEBUG org.springframework.test.annotation.ProfileValueUtils - Retrieved ProfileValueSource type [class org.springframework.test.annotation.SystemProfileValueSource] for class [Backend.Project.TaxiCompany.Controller.InvoiceControllerTests]
15:02:44.666 [main] DEBUG org.springframework.test.context.junit4.SpringJUnit4ClassRunner - SpringJUnit4ClassRunner constructor called with [class Backend.Project.TaxiCompany.Controller.InvoiceControllerTests]
15:02:44.666 [main] DEBUG org.springframework.test.context.BootstrapUtils - Instantiating CacheAwareContextLoaderDelegate from class [org.springframework.test.context.cache.DefaultCacheAwareContextLoaderDelegate]
15:02:44.666 [main] DEBUG org.springframework.test.context.BootstrapUtils - Instantiating BootstrapContext using constructor [public org.springframework.test.context.support.DefaultBootstrapContext(java.lang.Class,org.springframework.test.context.CacheAwareContextLoaderDelegate)]
15:02:44.667 [main] DEBUG org.springframework.test.context.BootstrapUtils - Instantiating TestContextBootstrapper for test class [Backend.Project.TaxiCompany.Controller.InvoiceControllerTests] from class [org.springframework.boot.test.autoconfigure.web.servlet.WebMvcTestContextBootstrapper]
15:02:44.668 [main] DEBUG org.springframework.test.context.support.AbstractContextLoader - Did not detect default resource location for test class [Backend.Project.TaxiCompany.Controller.InvoiceControllerTests]: class path resource [Backend/Project/TaxiCompany/Controller/InvoiceControllerTests-context.xml] does not exist
15:02:44.668 [main] DEBUG org.springframework.test.context.support.AbstractContextLoader - Did not detect default resource location for test class [Backend.Project.TaxiCompany.Controller.InvoiceControllerTests]: class path resource [Backend/Project/TaxiCompany/Controller/InvoiceControllerTestsContext.groovy] does not exist
15:02:44.669 [main] INFO org.springframework.test.context.support.AbstractContextLoader - Could not detect default resource locations for test class [Backend.Project.TaxiCompany.Controller.InvoiceControllerTests]: no resource found for suffixes {-context.xml, Context.groovy}.
15:02:44.674 [main] DEBUG org.springframework.test.context.support.ActiveProfilesUtils - Could not find an 'annotation declaring class' for annotation type [org.springframework.test.context.ActiveProfiles] and class [Backend.Project.TaxiCompany.Controller.InvoiceControllerTests]
15:02:44.675 [main] DEBUG org.springframework.boot.test.autoconfigure.web.servlet.WebMvcTestContextBootstrapper - @TestExecutionListeners is not present for class [Backend.Project.TaxiCompany.Controller.InvoiceControllerTests]: using defaults.
15:02:44.675 [main] INFO org.springframework.boot.test.autoconfigure.web.servlet.WebMvcTestContextBootstrapper - Loaded default TestExecutionListener class names from location [META-INF/spring.factories]: [org.springframework.boot.test.mock.mockito.MockitoTestExecutionListener, org.springframework.boot.test.mock.mockito.ResetMocksTestExecutionListener, org.springframework.boot.test.autoconfigure.restdocs.RestDocsTestExecutionListener, org.springframework.boot.test.autoconfigure.web.client.MockRestServiceServerResetTestExecutionListener, org.springframework.boot.test.autoconfigure.web.servlet.MockMvcPrintOnlyOnFailureTestExecutionListener, org.springframework.boot.test.autoconfigure.web.servlet.WebDriverTestExecutionListener, org.springframework.boot.test.autoconfigure.webservices.client.MockWebServiceServerTestExecutionListener, org.springframework.test.context.web.ServletTestExecutionListener, org.springframework.test.context.support.DirtiesContextBeforeModesTestExecutionListener, org.springframework.test.context.event.ApplicationEventsTestExecutionListener, org.springframework.test.context.support.DependencyInjectionTestExecutionListener, org.springframework.test.context.support.DirtiesContextTestExecutionListener, org.springframework.test.context.transaction.TransactionalTestExecutionListener, org.springframework.test.context.jdbc.SqlScriptsTestExecutionListener, org.springframework.test.context.event.EventPublishingTestExecutionListener]
15:02:44.676 [main] INFO org.springframework.boot.test.autoconfigure.web.servlet.WebMvcTestContextBootstrapper - Using TestExecutionListeners: [org.springframework.test.context.web.ServletTestExecutionListener@1d2bd371, org.springframework.test.context.support.DirtiesContextBeforeModesTestExecutionListener@44040454, org.springframework.test.context.event.ApplicationEventsTestExecutionListener@65fe9e33, org.springframework.boot.test.mock.mockito.MockitoTestExecutionListener@18bc345, org.springframework.boot.test.autoconfigure.SpringBootDependencyInjectionTestExecutionListener@42f8285e, org.springframework.test.context.support.DirtiesContextTestExecutionListener@26bab2f1, org.springframework.test.context.transaction.TransactionalTestExecutionListener@3724af13, org.springframework.test.context.jdbc.SqlScriptsTestExecutionListener@68ead359, org.springframework.test.context.event.EventPublishingTestExecutionListener@6b53bcc2, org.springframework.boot.test.mock.mockito.ResetMocksTestExecutionListener@180da663, org.springframework.boot.test.autoconfigure.restdocs.RestDocsTestExecutionListener@a43ce46, org.springframework.boot.test.autoconfigure.web.client.MockRestServiceServerResetTestExecutionListener@340da44c, org.springframework.boot.test.autoconfigure.web.servlet.MockMvcPrintOnlyOnFailureTestExecutionListener@424ebba3, org.springframework.boot.test.autoconfigure.web.servlet.WebDriverTestExecutionListener@37052337, org.springframework.boot.test.autoconfigure.webservices.client.MockWebServiceServerTestExecutionListener@2320fa6f]
15:02:44.676 [main] DEBUG org.springframework.test.annotation.ProfileValueUtils - Retrieved @ProfileValueSourceConfiguration [null] for test class [Backend.Project.TaxiCompany.Controller.InvoiceControllerTests]
15:02:44.676 [main] DEBUG org.springframework.test.annotation.ProfileValueUtils - Retrieved ProfileValueSource type [class org.springframework.test.annotation.SystemProfileValueSource] for class [Backend.Project.TaxiCompany.Controller.InvoiceControllerTests]
15:02:44.677 [main] DEBUG org.springframework.test.annotation.ProfileValueUtils - Retrieved @ProfileValueSourceConfiguration [null] for test class [Backend.Project.TaxiCompany.Controller.InvoiceControllerTests]
15:02:44.677 [main] DEBUG org.springframework.test.annotation.ProfileValueUtils - Retrieved ProfileValueSource type [class org.springframework.test.annotation.SystemProfileValueSource] for class [Backend.Project.TaxiCompany.Controller.InvoiceControllerTests]
15:02:44.677 [main] DEBUG org.springframework.test.annotation.ProfileValueUtils - Retrieved @ProfileValueSourceConfiguration [null] for test class [Backend.Project.TaxiCompany.Controller.InvoiceControllerTests]
15:02:44.677 [main] DEBUG org.springframework.test.annotation.ProfileValueUtils - Retrieved ProfileValueSource type [class org.springframework.test.annotation.SystemProfileValueSource] for class [Backend.Project.TaxiCompany.Controller.InvoiceControllerTests]
15:02:44.744 [main] DEBUG org.springframework.test.context.BootstrapUtils - Instantiating CacheAwareContextLoaderDelegate from class [org.springframework.test.context.cache.DefaultCacheAwareContextLoaderDelegate]
15:02:44.744 [main] DEBUG org.springframework.test.context.BootstrapUtils - Instantiating BootstrapContext using constructor [public org.springframework.test.context.support.DefaultBootstrapContext(java.lang.Class,org.springframework.test.context.CacheAwareContextLoaderDelegate)]
15:02:44.745 [main] DEBUG org.springframework.test.context.BootstrapUtils - Instantiating TestContextBootstrapper for test class [Backend.Project.TaxiCompany.TaxiCompanyApplicationTests] from class [org.springframework.boot.test.context.SpringBootTestContextBootstrapper]
15:02:44.746 [main] INFO org.springframework.boot.test.context.SpringBootTestContextBootstrapper - Neither @ContextConfiguration nor @ContextHierarchy found for test class [Backend.Project.TaxiCompany.TaxiCompanyApplicationTests], using SpringBootContextLoader
15:02:44.747 [main] DEBUG org.springframework.test.context.support.AbstractContextLoader - Did not detect default resource location for test class [Backend.Project.TaxiCompany.TaxiCompanyApplicationTests]: class path resource [Backend/Project/TaxiCompany/TaxiCompanyApplicationTests-context.xml] does not exist
15:02:44.747 [main] DEBUG org.springframework.test.context.support.AbstractContextLoader - Did not detect default resource location for test class [Backend.Project.TaxiCompany.TaxiCompanyApplicationTests]: class path resource [Backend/Project/TaxiCompany/TaxiCompanyApplicationTestsContext.groovy] does not exist
15:02:44.748 [main] INFO org.springframework.test.context.support.AbstractContextLoader - Could not detect default resource locations for test class [Backend.Project.TaxiCompany.TaxiCompanyApplicationTests]: no resource found for suffixes {-context.xml, Context.groovy}.
15:02:44.749 [main] INFO org.springframework.test.context.support.AnnotationConfigContextLoaderUtils - Could not detect default configuration classes for test class [Backend.Project.TaxiCompany.TaxiCompanyApplicationTests]: TaxiCompanyApplicationTests does not declare any static, non-private, non-final, nested classes annotated with @Configuration.
15:02:44.752 [main] DEBUG org.springframework.test.context.support.ActiveProfilesUtils - Could not find an 'annotation declaring class' for annotation type [org.springframework.test.context.ActiveProfiles] and class [Backend.Project.TaxiCompany.TaxiCompanyApplicationTests]
15:02:44.805 [main] DEBUG org.springframework.context.annotation.ClassPathScanningCandidateComponentProvider - Identified candidate component class: file [C:\Users\asus\Desktop\COSC2440\FurtherPrograming-Asm2\target\classes\Backend\Project\TaxiCompany\TaxiCompanyApplication.class]
15:02:44.805 [main] INFO org.springframework.boot.test.context.SpringBootTestContextBootstrapper - Found @SpringBootConfiguration Backend.Project.TaxiCompany.TaxiCompanyApplication for test class Backend.Project.TaxiCompany.TaxiCompanyApplicationTests
15:02:44.930 [main] DEBUG org.springframework.boot.test.context.SpringBootTestContextBootstrapper - @TestExecutionListeners is not present for class [Backend.Project.TaxiCompany.TaxiCompanyApplicationTests]: using defaults.
15:02:44.930 [main] INFO org.springframework.boot.test.context.SpringBootTestContextBootstrapper - Loaded default TestExecutionListener class names from location [META-INF/spring.factories]: [org.springframework.boot.test.mock.mockito.MockitoTestExecutionListener, org.springframework.boot.test.mock.mockito.ResetMocksTestExecutionListener, org.springframework.boot.test.autoconfigure.restdocs.RestDocsTestExecutionListener, org.springframework.boot.test.autoconfigure.web.client.MockRestServiceServerResetTestExecutionListener, org.springframework.boot.test.autoconfigure.web.servlet.MockMvcPrintOnlyOnFailureTestExecutionListener, org.springframework.boot.test.autoconfigure.web.servlet.WebDriverTestExecutionListener, org.springframework.boot.test.autoconfigure.webservices.client.MockWebServiceServerTestExecutionListener, org.springframework.test.context.web.ServletTestExecutionListener, org.springframework.test.context.support.DirtiesContextBeforeModesTestExecutionListener, org.springframework.test.context.event.ApplicationEventsTestExecutionListener, org.springframework.test.context.support.DependencyInjectionTestExecutionListener, org.springframework.test.context.support.DirtiesContextTestExecutionListener, org.springframework.test.context.transaction.TransactionalTestExecutionListener, org.springframework.test.context.jdbc.SqlScriptsTestExecutionListener, org.springframework.test.context.event.EventPublishingTestExecutionListener]
15:02:44.932 [main] INFO org.springframework.boot.test.context.SpringBootTestContextBootstrapper - Using TestExecutionListeners: [org.springframework.test.context.web.ServletTestExecutionListener@b5cc23a, org.springframework.test.context.support.DirtiesContextBeforeModesTestExecutionListener@5cc5b667, org.springframework.test.context.event.ApplicationEventsTestExecutionListener@61edc883, org.springframework.boot.test.mock.mockito.MockitoTestExecutionListener@758f4f03, org.springframework.boot.test.autoconfigure.SpringBootDependencyInjectionTestExecutionListener@182f1e9a, org.springframework.test.context.support.DirtiesContextTestExecutionListener@6928f576, org.springframework.test.context.transaction.TransactionalTestExecutionListener@660e9100, org.springframework.test.context.jdbc.SqlScriptsTestExecutionListener@69f63d95, org.springframework.test.context.event.EventPublishingTestExecutionListener@9cd25ff, org.springframework.boot.test.mock.mockito.ResetMocksTestExecutionListener@27e0f2f5, org.springframework.boot.test.autoconfigure.restdocs.RestDocsTestExecutionListener@3574e198, org.springframework.boot.test.autoconfigure.web.client.MockRestServiceServerResetTestExecutionListener@6db66836, org.springframework.boot.test.autoconfigure.web.servlet.MockMvcPrintOnlyOnFailureTestExecutionListener@db44aa2, org.springframework.boot.test.autoconfigure.web.servlet.WebDriverTestExecutionListener@2de366bb, org.springframework.boot.test.autoconfigure.webservices.client.MockWebServiceServerTestExecutionListener@3f093abe]
15:02:44.938 [main] DEBUG org.springframework.test.context.support.AbstractDirtiesContextTestExecutionListener - Before test class: context [DefaultTestContext@1095f122 testClass = TaxiCompanyApplicationTests, testInstance = [null], testMethod = [null], testException = [null], mergedContextConfiguration = [WebMergedContextConfiguration@58c540cf testClass = TaxiCompanyApplicationTests, locations = '{}', classes = '{class Backend.Project.TaxiCompany.TaxiCompanyApplication}', contextInitializerClasses = '[]', activeProfiles = '{}', propertySourceLocations = '{}', propertySourceProperties = '{org.springframework.boot.test.context.SpringBootTestContextBootstrapper=true}', contextCustomizers = set[org.springframework.boot.test.context.filter.ExcludeFilterContextCustomizer@3081f72c, org.springframework.boot.test.json.DuplicateJsonObjectContextCustomizerFactory$DuplicateJsonObjectContextCustomizer@7ceb3185, org.springframework.boot.test.mock.mockito.MockitoContextCustomizer@0, org.springframework.boot.test.web.client.TestRestTemplateContextCustomizer@25e2a451, org.springframework.boot.test.autoconfigure.actuate.metrics.MetricsExportContextCustomizerFactory$DisableMetricExportContextCustomizer@457c9034, org.springframework.boot.test.autoconfigure.properties.PropertyMappingContextCustomizer@0, org.springframework.boot.test.autoconfigure.web.servlet.WebDriverContextCustomizerFactory$Customizer@2f67b837, org.springframework.boot.test.context.SpringBootTestArgs@1, org.springframework.boot.test.context.SpringBootTestWebEnvironment@44b3606b], resourceBasePath = 'src/main/webapp', contextLoader = 'org.springframework.boot.test.context.SpringBootContextLoader', parent = [null]], attributes = map['org.springframework.test.context.web.ServletTestExecutionListener.activateListener' -> true]], class annotated with @DirtiesContext [false] with mode [null].
2022-05-09 15:02:45.412  INFO 16476 --- [           main] B.P.T.TaxiCompanyApplicationTests        : Starting TaxiCompanyApplicationTests using Java 11.0.15 on DESKTOP-GBQICID with PID 16476 (started by asus in C:\Users\asus\Desktop\COSC2440\FurtherPrograming-Asm2)
2022-05-09 15:02:45.414  INFO 16476 --- [           main] B.P.T.TaxiCompanyApplicationTests        : No active profile set, falling back to 1 default profile: "default"
2022-05-09 15:02:46.688  INFO 16476 --- [           main] org.hibernate.Version                    : HHH000412: Hibernate ORM core version 5.6.8.Final
2022-05-09 15:02:46.911  INFO 16476 --- [           main] o.hibernate.annotations.common.Version   : HCANN000001: Hibernate Commons Annotations {5.1.2.Final}
2022-05-09 15:02:47.530  INFO 16476 --- [           main] org.hibernate.dialect.Dialect            : HHH000400: Using dialect: org.hibernate.dialect.PostgreSQL10Dialect
2022-05-09 15:02:48.432  INFO 16476 --- [           main] o.h.e.t.j.p.i.JtaPlatformInitiator       : HHH000490: Using JtaPlatform implementation: [org.hibernate.engine.transaction.jta.platform.internal.NoJtaPlatform]
2022-05-09 15:02:49.453  INFO 16476 --- [           main] B.P.T.TaxiCompanyApplicationTests        : Started TaxiCompanyApplicationTests in 4.448 seconds (JVM running for 5.901)
]]></system-out>
  </testcase>
</testsuite>