<?xml version="1.0" encoding="UTF-8"?>
<testsuite xmlns:xsi="http://www.w3.org/2001/XMLSchema-instance" xsi:noNamespaceSchemaLocation="https://maven.apache.org/surefire/maven-surefire-plugin/xsd/surefire-test-report-3.0.xsd" version="3.0" name="Backend.Project.TaxiCompany.Controller.InvoiceControllerTests" time="1.145" tests="9" errors="0" skipped="0" failures="0">
  <properties>
[...]
</properties>
  <testcase name="getInvoiceById_success" classname="Backend.Project.TaxiCompany.Controller.InvoiceControllerTests" time="0.216">
    <system-out><![CDATA[2022-05-09 15:02:49.787  INFO 16476 --- [           main] B.P.T.Controller.InvoiceControllerTests  : Starting InvoiceControllerTests using Java 11.0.15 on DESKTOP-GBQICID with PID 16476 (started by asus in C:\Users\asus\Desktop\COSC2440\FurtherPrograming-Asm2)
2022-05-09 15:02:49.788  INFO 16476 --- [           main] B.P.T.Controller.InvoiceControllerTests  : No active profile set, falling back to 1 default profile: "default"
2022-05-09 15:02:50.373  INFO 16476 --- [           main] o.s.b.t.m.w.SpringBootMockServletContext : Initializing Spring TestDispatcherServlet ''
2022-05-09 15:02:50.373  INFO 16476 --- [           main] o.s.t.web.servlet.TestDispatcherServlet  : Initializing Servlet ''
2022-05-09 15:02:50.374  INFO 16476 --- [           main] o.s.t.web.servlet.TestDispatcherServlet  : Completed initialization in 1 ms
2022-05-09 15:02:50.388  INFO 16476 --- [           main] B.P.T.Controller.InvoiceControllerTests  : Started InvoiceControllerTests in 0.698 seconds (JVM running for 6.836)
]]></system-out>
  </testcase>
  <testcase name="getAllInvoices_success" classname="Backend.Project.TaxiCompany.Controller.InvoiceControllerTests" time="0.016"/>
  <testcase name="getInvoicesByACustomerInAPeriod" classname="Backend.Project.TaxiCompany.Controller.InvoiceControllerTests" time="0.004"/>
  <testcase name="updateInvoiceById_nullId" classname="Backend.Project.TaxiCompany.Controller.InvoiceControllerTests" time="0.06"/>
  <testcase name="updateInvoiceById_recordNotFound" classname="Backend.Project.TaxiCompany.Controller.InvoiceControllerTests" time="0.024"/>
  <testcase name="deleteInvoiceById_success" classname="Backend.Project.TaxiCompany.Controller.InvoiceControllerTests" time="0.033"/>
  <testcase name="updateInvoiceById_success" classname="Backend.Project.TaxiCompany.Controller.InvoiceControllerTests" time="0.018"/>
  <testcase name="createInvoice_success" classname="Backend.Project.TaxiCompany.Controller.InvoiceControllerTests" time="0.02"/>
  <testcase name="getInvoicesByADriverInAPeriod" classname="Backend.Project.TaxiCompany.Controller.InvoiceControllerTests" time="0.004"/>
</testsuite>